{
  "RSpec": {
    "coverage": {
      "/home/max/projects/yufu_core/spec/factories/banners.rb": [
        1,
        1,
        1,
        null,
        null
      ],
      "/home/max/projects/yufu_core/spec/factories/busy_days.rb": [
        1,
        1,
        1,
        null,
        null,
        1,
        1,
        1,
        null,
        null,
        null
      ],
      "/home/max/projects/yufu_core/app/models/busy_day.rb": [
        1,
        1,
        null,
        1,
        null,
        1,
        1,
        null,
        1,
        null,
        1,
        0,
        null,
        1,
        null
      ],
      "/home/max/projects/yufu_core/spec/factories/cities.rb": [
        null,
        null,
        1,
        1,
        392,
        1,
        null,
        null
      ],
      "/home/max/projects/yufu_core/spec/factories/city_approve.rb": [
        null,
        null,
        1,
        1,
        1,
        1,
        null,
        null
      ],
      "/home/max/projects/yufu_core/spec/factories/countries.rb": [
        1,
        1,
        1,
        null,
        null,
        1,
        1,
        1,
        null,
        null
      ],
      "/home/max/projects/yufu_core/app/models/country.rb": [
        1,
        1,
        null,
        1,
        1,
        null,
        1,
        null
      ],
      "/home/max/projects/yufu_core/spec/factories/directions.rb": [
        null,
        null,
        1,
        1,
        1,
        null,
        null
      ],
      "/home/max/projects/yufu_core/spec/factories/group.rb": [
        1,
        1,
        1,
        null,
        null
      ],
      "/home/max/projects/yufu_core/spec/factories/invitation_text.rb": [
        1,
        1,
        1,
        1,
        null,
        null
      ],
      "/home/max/projects/yufu_core/spec/factories/invites.rb": [
        1,
        1,
        10,
        null,
        null
      ],
      "/home/max/projects/yufu_core/spec/factories/invoice.rb": [
        1,
        1,
        1,
        1,
        null,
        null
      ],
      "/home/max/projects/yufu_core/spec/factories/invoice_items.rb": [
        1,
        1,
        1,
        1,
        null,
        null
      ],
      "/home/max/projects/yufu_core/spec/factories/languages.rb": [
        null,
        null,
        1,
        1,
        1757,
        1,
        null,
        null
      ],
      "/home/max/projects/yufu_core/spec/factories/languages_groups.rb": [
        1,
        1,
        1770,
        1770,
        null,
        null,
        null
      ],
      "/home/max/projects/yufu_core/spec/factories/localization.rb": [
        1,
        1,
        1,
        1,
        null,
        null
      ],
      "/home/max/projects/yufu_core/spec/factories/notifications.rb": [
        1,
        1,
        1,
        null,
        null,
        null
      ],
      "/home/max/projects/yufu_core/spec/factories/offices.rb": [
        1,
        1,
        1,
        1,
        null,
        null
      ],
      "/home/max/projects/yufu_core/spec/factories/order/airport_pick_ups.rb": [
        null,
        null,
        1,
        1,
        1,
        1,
        1,
        1,
        1,
        null,
        null
      ],
      "/home/max/projects/yufu_core/spec/factories/order/car_rents.rb": [
        null,
        null,
        1,
        1,
        1,
        1,
        null,
        null
      ],
      "/home/max/projects/yufu_core/spec/factories/order/cars.rb": [
        null,
        null,
        1,
        1,
        1,
        1,
        null,
        null
      ],
      "/home/max/projects/yufu_core/spec/factories/order/client_info.rb": [
        1,
        1,
        1,
        1,
        1,
        null,
        null
      ],
      "/home/max/projects/yufu_core/spec/factories/order/hotels.rb": [
        null,
        null,
        1,
        1,
        1,
        1,
        1,
        null,
        null
      ],
      "/home/max/projects/yufu_core/spec/factories/order/service.rb": [
        null,
        null,
        1,
        1,
        1,
        1,
        1,
        null,
        null,
        null
      ],
      "/home/max/projects/yufu_core/spec/factories/order/service_order.rb": [
        null,
        null,
        1,
        1,
        7,
        null,
        null
      ],
      "/home/max/projects/yufu_core/app/models/order/service_order.rb": [
        1,
        1,
        1,
        null,
        1,
        null,
        1,
        1,
        null,
        1,
        null,
        1,
        null,
        1,
        16,
        0,
        null,
        16,
        null,
        null,
        0,
        null,
        null,
        null
      ],
      "/home/max/projects/yufu_core/spec/factories/order/services_pack.rb": [
        null,
        null,
        1,
        1,
        9,
        1,
        null,
        null
      ],
      "/home/max/projects/yufu_core/app/models/order/services_pack.rb": [
        1,
        1,
        1,
        1,
        null,
        1,
        1,
        1,
        1,
        1,
        1,
        1,
        1,
        null,
        1,
        1,
        null,
        1,
        null,
        1,
        1,
        null,
        1,
        null,
        51,
        null,
        1,
        1,
        null,
        null,
        null
      ],
      "/home/max/projects/yufu_core/spec/factories/order/written/written_subtype.rb": [
        null,
        null,
        1,
        1,
        1,
        1,
        null,
        null
      ],
      "/home/max/projects/yufu_core/spec/factories/order/written/written_type.rb": [
        null,
        null,
        1,
        1,
        1,
        1,
        1,
        1793,
        null,
        null
      ],
      "/home/max/projects/yufu_core/spec/factories/order_language_criterions.rb": [
        1,
        1,
        1,
        1,
        null,
        null,
        null
      ],
      "/home/max/projects/yufu_core/spec/factories/order_offers.rb": [
        null,
        null,
        1,
        1,
        11,
        1,
        1,
        null,
        null
      ],
      "/home/max/projects/yufu_core/spec/factories/order_reservation_dates.rb": [
        1,
        1,
        1,
        1,
        1,
        null,
        null,
        null
      ],
      "/home/max/projects/yufu_core/spec/factories/order_verbal_translators_queues.rb": [
        1,
        1,
        1,
        1,
        null,
        null
      ],
      "/home/max/projects/yufu_core/spec/factories/orders.rb": [
        1,
        1,
        1,
        1,
        null,
        null,
        1,
        null,
        1,
        1,
        1,
        1,
        1,
        1,
        1,
        1,
        null,
        107,
        null,
        null,
        1,
        1,
        null,
        null,
        1,
        null,
        118,
        null,
        null,
        null,
        1,
        1,
        null,
        null,
        1,
        1,
        1,
        1,
        1,
        1,
        1,
        24,
        null,
        null,
        1,
        1,
        3,
        7,
        null,
        null
      ],
      "/home/max/projects/yufu_core/app/models/order/base.rb": [
        1,
        1,
        1,
        1,
        1,
        1,
        1,
        1,
        1,
        1,
        null,
        null,
        1,
        null,
        1,
        1,
        null,
        null,
        1,
        1,
        1,
        null,
        1,
        null,
        1,
        null,
        1,
        1,
        null,
        null,
        1,
        1,
        1,
        null,
        1,
        1,
        null,
        1,
        null,
        1,
        null,
        null,
        1,
        1,
        null,
        1,
        null,
        null,
        null,
        1,
        1,
        null,
        1,
        5,
        1,
        1,
        1,
        0,
        null,
        null,
        1,
        0,
        null,
        null,
        1,
        1,
        null,
        null,
        null,
        null,
        null,
        1,
        0,
        null,
        null,
        null,
        1,
        8,
        8,
        8,
        null,
        null,
        1,
        2,
        null,
        null,
        1,
        2,
        null,
        null,
        1,
        0,
        null,
        null,
        1,
        1,
        1,
        null,
        null,
        1,
        0,
        null,
        null,
        1,
        1181,
        1181,
        1181,
        null,
        null,
        1,
        1189,
        8,
        8,
        null,
        8,
        8,
        0,
        null,
        null,
        null,
        null,
        null,
        1,
        9,
        null,
        null,
        1,
        0,
        0,
        null,
        0,
        null,
        null,
        null,
        1,
        2,
        2,
        null,
        0,
        null,
        null,
        null,
        1,
        10,
        0,
        null,
        10,
        10,
        10,
        null,
        null,
        1,
        9,
        9,
        9,
        null,
        null,
        1,
        4,
        4,
        null,
        null,
        1,
        null,
        1,
        35,
        35,
        10,
        null,
        null,
        null,
        1,
        null,
        null,
        null,
        1,
        1191,
        0,
        null,
        1191,
        null,
        null,
        null,
        null
      ],
      "/home/max/projects/yufu_core/app/models/concerns/notificable.rb": [
        1,
        1,
        null,
        1,
        5,
        null,
        null,
        1,
        0,
        null,
        null,
        1,
        55,
        55,
        null,
        55,
        55,
        null,
        55,
        53,
        null,
        2,
        null,
        55,
        55,
        55,
        43,
        12,
        12,
        null,
        null,
        12,
        12,
        null,
        null,
        null,
        1,
        1,
        15,
        15,
        15,
        15,
        15,
        15,
        15,
        15,
        15,
        55,
        null,
        null,
        null,
        null,
        null
      ],
      "/home/max/projects/yufu_core/app/models/concerns/order_workflow.rb": [
        1,
        1,
        null,
        null,
        1,
        1,
        1,
        1,
        1,
        1,
        1,
        1,
        null,
        1,
        1,
        null,
        null,
        1,
        1,
        null,
        null,
        1,
        1,
        null,
        null,
        1,
        1,
        null,
        null,
        1,
        1,
        null,
        null,
        1,
        1,
        null,
        null,
        null,
        1,
        2,
        null,
        null,
        1,
        6,
        6,
        null,
        null,
        1,
        null,
        2,
        2,
        0,
        null,
        null,
        null,
        1,
        0,
        null,
        null,
        null,
        null
      ],
      "/home/max/projects/yufu_core/app/models/concerns/priced.rb": [
        1,
        1,
        null,
        1,
        2,
        null,
        null,
        1,
        1,
        null,
        null,
        1,
        1,
        null,
        null
      ],
      "/home/max/projects/yufu_core/app/models/order/verbal.rb": [
        1,
        1,
        null,
        1,
        null,
        1,
        1,
        1,
        null,
        null,
        1,
        1,
        1,
        1,
        1,
        1,
        1,
        1,
        1,
        null,
        1,
        1,
        1,
        null,
        null,
        1,
        1,
        1,
        null,
        1,
        1,
        null,
        1,
        1,
        1,
        null,
        1,
        1,
        null,
        1,
        null,
        null,
        1,
        0,
        1,
        null,
        null,
        1,
        0,
        null,
        null,
        0,
        null,
        null,
        1,
        0,
        null,
        null,
        0,
        null,
        null,
        1,
        0,
        null,
        null,
        0,
        null,
        null,
        null,
        1,
        1,
        1134,
        1134,
        null,
        1,
        1,
        null,
        1,
        1,
        1,
        0,
        null,
        null,
        1,
        1,
        0,
        null,
        null,
        null,
        1,
        null,
        1,
        1,
        0,
        0,
        0,
        null,
        null,
        1,
        6,
        null,
        null,
        null,
        1,
        0,
        null,
        null,
        1,
        26,
        null,
        null,
        1,
        24,
        null,
        null,
        1,
        20,
        10,
        10,
        0,
        null,
        10,
        null,
        10,
        null,
        null,
        1,
        11,
        1,
        1,
        1,
        null,
        10,
        null,
        null,
        null,
        1,
        0,
        null,
        null,
        1,
        1,
        1,
        3,
        2,
        null,
        null,
        1,
        null,
        null,
        1,
        1,
        null,
        null,
        1,
        0,
        null,
        null,
        1,
        1,
        1,
        null,
        null,
        1,
        null,
        1,
        1131,
        1131,
        1131,
        null,
        null,
        null,
        1,
        1,
        null,
        null,
        1,
        1126,
        null,
        null,
        1,
        1131,
        131,
        null,
        null,
        1131,
        null,
        null,
        1,
        1,
        1,
        null,
        null,
        null,
        1,
        3,
        null,
        null,
        1,
        1133,
        33,
        null,
        null,
        null,
        1,
        0,
        null,
        null,
        1,
        null,
        1,
        1131,
        null,
        138,
        null,
        0,
        null,
        null,
        null,
        null,
        1,
        0,
        0,
        null,
        0,
        null,
        null,
        1,
        1133,
        33,
        null,
        null,
        null,
        1,
        33,
        null,
        null,
        null,
        1,
        7,
        null,
        null,
        1,
        3,
        6,
        3,
        0,
        null,
        null,
        null,
        null,
        1,
        0,
        0,
        0,
        null,
        0,
        0,
        0,
        null,
        0,
        0,
        null,
        null,
        null,
        null,
        1,
        0,
        null,
        null,
        1,
        3,
        3,
        3,
        3,
        9,
        9,
        9,
        0,
        null,
        9,
        9,
        9,
        9,
        6,
        null,
        null,
        null,
        3,
        3,
        3,
        3,
        null,
        3,
        null,
        null,
        null,
        null
      ],
      "/home/max/projects/yufu_core/app/models/order/written.rb": [
        1,
        1,
        1,
        null,
        1,
        null,
        1,
        1,
        null,
        1,
        1,
        1,
        1,
        null,
        1,
        1,
        null,
        1,
        1,
        1,
        null,
        1,
        1,
        1,
        1,
        null,
        1,
        1,
        null,
        1,
        1,
        1,
        1,
        null,
        1,
        1,
        1,
        0,
        null,
        null,
        1,
        1,
        1,
        1,
        0,
        null,
        null,
        35,
        35,
        35,
        35,
        null,
        1,
        0,
        null,
        null,
        1,
        0,
        null,
        null,
        null,
        null,
        null,
        null,
        null,
        null,
        null,
        null,
        null,
        null,
        null,
        null,
        null,
        null,
        null,
        null,
        null,
        null,
        1,
        1,
        1,
        1,
        null,
        1,
        1,
        null,
        null,
        1,
        1,
        null,
        null,
        1,
        1,
        null,
        null,
        1,
        0,
        null,
        null,
        1,
        0,
        null,
        null,
        1,
        0,
        0,
        0,
        null,
        null,
        null,
        1,
        0,
        0,
        null,
        null,
        null,
        null,
        null,
        1,
        2,
        2,
        2,
        4,
        4,
        null,
        4,
        2,
        null,
        null,
        2,
        null,
        null,
        null,
        null,
        null,
        null,
        null,
        1,
        5,
        5,
        0,
        null,
        5,
        null,
        null,
        null,
        1,
        8,
        null,
        null,
        1,
        3,
        null,
        null,
        1,
        18,
        18,
        null,
        null,
        1,
        0,
        0,
        0,
        0,
        null,
        0,
        0,
        0,
        null,
        null,
        null,
        1,
        0,
        null,
        null,
        1,
        0,
        null,
        null,
        1,
        40,
        7,
        null,
        null,
        null,
        1,
        8,
        8,
        null,
        null,
        1,
        5,
        5,
        5,
        3,
        null,
        5,
        null,
        null,
        1,
        1,
        31,
        31,
        null,
        null,
        null
      ],
      "/home/max/projects/yufu_core/app/models/order/local_expert.rb": [
        1,
        1,
        null,
        1,
        null,
        1,
        null,
        null,
        1,
        1,
        null,
        1,
        null,
        1,
        null,
        1,
        null,
        1,
        6,
        null,
        null,
        1,
        1,
        0,
        null,
        null,
        1,
        8,
        null,
        null,
        1,
        8,
        0,
        null,
        null,
        null,
        1,
        0,
        null,
        null,
        1,
        0,
        null,
        null,
        1,
        null,
        null,
        null,
        1,
        0,
        null,
        null,
        1,
        4,
        4,
        8,
        null,
        4,
        null,
        null,
        null,
        null
      ],
      "/home/max/projects/yufu_core/spec/factories/partners_clients.rb": [
        1,
        1,
        1,
        1,
        null,
        null,
        null
      ],
      "/home/max/projects/yufu_core/spec/factories/payment_methods.rb": [
        1,
        1,
        1,
        null,
        null
      ],
      "/home/max/projects/yufu_core/app/models/payment_method/pay_pal.rb": [
        1,
        1,
        1,
        null,
        1,
        null,
        null,
        null
      ],
      "/home/max/projects/yufu_core/app/models/payment_method/base.rb": [
        1,
        1,
        1,
        1,
        null,
        1,
        null,
        1,
        1,
        null,
        1,
        null,
        1,
        0,
        0,
        null,
        null,
        null,
        null
      ],
      "/home/max/projects/yufu_core/spec/factories/permissions.rb": [
        null,
        null,
        1,
        1,
        1,
        1,
        1,
        1,
        null,
        null
      ],
      "/home/max/projects/yufu_core/spec/factories/price_bases.rb": [
        1,
        1,
        1,
        2,
        null,
        null
      ],
      "/home/max/projects/yufu_core/spec/factories/price_verbals.rb": [
        1,
        1,
        1,
        1,
        null,
        null,
        null
      ],
      "/home/max/projects/yufu_core/spec/factories/price_writtens.rb": [
        1,
        1,
        1,
        1,
        1,
        1,
        null,
        null,
        null
      ],
      "/home/max/projects/yufu_core/spec/factories/profile/educations.rb": [
        null,
        null,
        1,
        1,
        1,
        1,
        1,
        null,
        null
      ],
      "/home/max/projects/yufu_core/spec/factories/profile/services.rb": [
        1,
        1,
        1,
        1,
        1,
        1,
        null,
        null
      ],
      "/home/max/projects/yufu_core/spec/factories/profile_steps.rb": [
        1,
        1,
        1,
        null,
        null,
        null,
        null,
        null,
        null,
        null,
        null,
        1,
        1,
        null,
        1,
        null,
        null,
        null,
        null,
        1,
        1,
        null,
        null,
        null,
        1,
        1,
        null,
        null,
        null,
        1,
        1,
        null,
        null,
        null,
        null,
        null,
        null
      ],
      "/home/max/projects/yufu_core/spec/factories/profiles.rb": [
        1,
        1,
        1,
        1,
        1,
        1,
        154,
        192,
        1,
        null,
        null,
        1,
        1,
        1,
        1,
        1,
        8,
        8,
        1,
        null,
        null,
        null,
        null,
        null,
        null,
        1,
        1,
        1,
        1,
        1,
        null,
        null
      ],
      "/home/max/projects/yufu_core/app/models/profile/translator.rb": [
        1,
        1,
        1,
        1,
        1,
        null,
        1,
        1,
        1,
        null,
        1,
        1,
        null,
        null,
        null,
        null,
        1,
        1,
        1,
        1,
        1,
        1,
        null,
        1,
        1,
        1,
        null,
        1,
        1,
        1,
        1,
        1,
        1,
        null,
        null,
        1,
        null,
        1,
        null,
        null,
        null,
        1,
        1,
        729,
        null,
        null,
        1,
        null,
        null,
        1,
        144,
        null,
        5,
        null,
        1,
        null,
        1,
        2,
        null,
        null,
        1,
        1,
        1,
        1,
        null,
        1,
        1,
        null,
        null,
        1,
        1,
        null,
        null,
        null,
        null,
        null,
        null,
        null,
        null,
        null,
        null,
        null,
        null,
        null,
        1,
        0,
        null,
        0,
        null,
        null,
        null,
        1,
        0,
        0,
        null,
        null,
        null,
        1,
        6,
        6,
        6,
        72,
        6,
        6,
        null,
        null,
        72,
        36,
        3,
        3,
        null,
        null,
        null,
        null,
        6,
        null,
        null,
        1,
        5,
        null,
        null,
        1,
        151,
        151,
        151,
        null,
        null,
        1,
        0,
        null,
        null,
        null,
        1,
        3,
        null,
        null,
        null,
        1,
        0,
        0,
        0,
        0,
        null,
        null,
        1,
        4,
        null,
        null,
        1,
        5,
        5,
        null,
        null,
        1,
        8,
        6,
        3,
        2,
        null,
        null,
        1,
        null,
        3,
        null,
        null,
        null,
        1,
        null,
        1,
        8,
        null,
        4,
        null,
        null,
        1,
        null,
        5,
        null,
        null,
        1,
        17,
        17,
        66,
        null,
        17,
        null,
        null,
        1,
        8,
        8,
        10,
        10,
        null,
        8,
        null,
        null,
        1,
        1,
        1,
        1,
        null,
        1,
        null,
        null,
        null,
        null,
        1,
        1454,
        1454,
        1454,
        1454,
        1454,
        null,
        null,
        1,
        1249,
        null,
        1249,
        null,
        1249,
        null,
        null,
        null,
        null
      ],
      "/home/max/projects/yufu_core/app/models/profile/base.rb": [
        1,
        1,
        1,
        1,
        1,
        null,
        1,
        null,
        null,
        null,
        null,
        null,
        null,
        null,
        1,
        1,
        null,
        1,
        1,
        null,
        1,
        3453,
        null,
        1934,
        0,
        null,
        null,
        1,
        0,
        null,
        null,
        1,
        0,
        null,
        1,
        null,
        null
      ],
      "/home/max/projects/yufu_core/app/models/concerns/filterable.rb": [
        1,
        1,
        null,
        1,
        1,
        0,
        0,
        0,
        null,
        0,
        null,
        null,
        null,
        null,
        null,
        null,
        null,
        null,
        null,
        null,
        null,
        null,
        null,
        null,
        null,
        null
      ],
      "/home/max/projects/yufu_core/app/models/profile/client.rb": [
        1,
        1,
        null,
        1,
        1,
        1,
        1,
        null,
        1,
        1,
        null,
        1,
        null,
        null
      ],
      "/home/max/projects/yufu_core/spec/factories/provinces.rb": [
        1,
        1,
        1,
        null,
        null,
        null
      ],
      "/home/max/projects/yufu_core/spec/factories/service.rb": [
        1,
        1,
        1,
        null,
        null
      ],
      "/home/max/projects/yufu_core/app/models/order/service.rb": [
        1,
        1,
        1,
        1,
        1,
        null,
        1,
        1,
        1,
        1,
        1,
        1,
        1,
        1,
        null,
        1,
        null,
        1,
        1,
        null,
        1,
        1,
        null,
        1,
        null,
        null
      ],
      "/home/max/projects/yufu_core/app/models/concerns/blank_localized_fields.rb": [
        null,
        null,
        null,
        null,
        1,
        1,
        null,
        1,
        1,
        3,
        3,
        3,
        3,
        2445,
        2445,
        2447,
        2445,
        null,
        null,
        2445,
        null,
        null,
        null,
        null,
        null,
        null,
        null
      ],
      "/home/max/projects/yufu_core/spec/factories/services_pack.rb": [
        1,
        1,
        1,
        1,
        1,
        null,
        null
      ],
      "/home/max/projects/yufu_core/spec/factories/support_comment_receipts.rb": [
        1,
        1,
        1,
        1,
        null,
        null,
        null
      ],
      "/home/max/projects/yufu_core/spec/factories/support_comments.rb": [
        1,
        1,
        1,
        1,
        1,
        null,
        null
      ],
      "/home/max/projects/yufu_core/spec/factories/support_themes.rb": [
        1,
        1,
        18,
        null,
        null
      ],
      "/home/max/projects/yufu_core/spec/factories/support_tickets.rb": [
        1,
        1,
        1,
        1,
        1,
        null,
        null
      ],
      "/home/max/projects/yufu_core/spec/factories/transactions.rb": [
        1,
        1,
        1,
        1,
        1,
        null,
        null
      ],
      "/home/max/projects/yufu_core/spec/factories/users.rb": [
        null,
        null,
        1,
        1,
        505,
        1,
        1,
        null,
        null,
        1,
        1,
        1,
        1,
        null,
        null,
        1,
        5,
        1,
        1,
        1,
        null,
        null,
        null,
        1,
        2,
        1,
        1,
        1,
        null,
        null
      ],
      "/home/max/projects/yufu_core/app/models/admin.rb": [
        1,
        null,
        null,
        null
      ],
      "/home/max/projects/yufu_core/app/models/user.rb": [
        1,
        1,
        1,
        1,
        1,
        1,
        1,
        1,
        null,
        null,
        null,
        1,
        null,
        null,
        1,
        1,
        null,
        null,
        1,
        1,
        1,
        1,
        1,
        null,
        null,
        1,
        1,
        null,
        null,
        1,
        null,
        null,
        1,
        1,
        1,
        1,
        1,
        null,
        1,
        1,
        1,
        1,
        1,
        1,
        1,
        null,
        1,
        1,
        1,
        1,
        1,
        1,
        null,
        1,
        1,
        null,
        null,
        null,
        null,
        null,
        null,
        null,
        null,
        null,
        null,
        null,
        1,
        null,
        null,
        1,
        1,
        1,
        1,
        1,
        1,
        null,
        1,
        1,
        null,
        1,
        1,
        null,
        null,
        1,
        1,
        1,
        1,
        1,
        1,
        1,
        null,
        1,
        1,
        null,
        null,
        null,
        1,
        1,
        null,
        null,
        1,
        1,
        1,
        null,
        1,
        null,
        1,
        1,
        null,
        1,
        1,
        1,
        null,
        1,
        null,
        1,
        1,
        null,
        null,
        null,
        1453,
        null,
        1,
        1,
        1,
        1,
        1,
        1,
        null,
        null,
        1,
        null,
        1,
        null,
        1,
        4,
        null,
        null,
        1,
        null,
        1,
        0,
        null,
        1,
        null,
        1,
        0,
        null,
        null,
        1,
        3,
        2,
        null,
        null,
        1,
        1484,
        511,
        null,
        null,
        null,
        1,
        2,
        null,
        null,
        1,
        6,
        null,
        null,
        1,
        1,
        511,
        511,
        511,
        null,
        null,
        1,
        511,
        511,
        511,
        null,
        null,
        null,
        1,
        511,
        null,
        null,
        1,
        1484,
        null,
        null,
        1,
        0,
        0,
        0,
        null,
        null,
        1,
        1484,
        1484,
        null,
        null,
        0,
        0,
        0,
        0,
        null,
        null,
        1,
        973,
        null,
        null,
        1,
        3,
        null,
        null
      ],
      "/home/max/projects/yufu_core/app/models/concerns/personalized.rb": [
        1,
        1,
        null,
        1,
        2,
        2,
        2,
        2,
        null,
        null,
        1,
        0,
        null,
        null,
        null,
        null
      ],
      "/home/max/projects/yufu_core/app/models/concerns/monetizeable.rb": [
        1,
        1,
        null,
        1,
        1,
        5,
        5,
        0,
        null,
        null,
        5,
        0,
        null,
        null,
        null,
        null,
        null
      ],
      "/home/max/projects/yufu_core/app/models/concerns/accountable.rb": [
        1,
        1,
        null,
        1,
        3,
        null,
        3,
        null,
        3,
        3,
        null,
        3,
        null,
        null
      ],
      "/home/max/projects/yufu_core/spec/concerns/notificable_spec.rb": [
        1,
        null,
        1,
        1,
        1,
        1,
        1,
        1,
        1,
        null,
        null,
        3,
        3,
        null,
        1,
        3,
        null,
        1,
        1,
        1,
        0,
        null,
        null,
        null,
        null
      ],
      "/home/max/projects/yufu_core/spec/models/city_spec.rb": [
        1,
        null,
        1,
        1,
        4,
        4,
        4,
        4,
        null,
        null,
        null,
        1,
        3,
        3,
        null,
        3,
        null,
        null,
        4,
        null,
        2,
        2,
        2,
        null,
        null,
        1,
        5,
        5,
        null,
        1,
        null,
        4,
        null,
        null,
        5,
        null,
        1,
        3,
        null,
        null,
        null,
        2,
        2,
        null,
        null,
        1,
        3,
        null,
        null,
        null,
        2,
        2,
        null,
        null,
        null,
        1,
        4,
        4,
        4,
        null,
        4,
        4,
        4,
        null,
        4,
        null,
        4,
        null,
        2,
        2,
        2,
        null,
        null
      ],
      "/home/max/projects/yufu_core/app/models/city.rb": [
        1,
        1,
        1,
        null,
        1,
        1,
        null,
        1,
        1,
        null,
        null,
        1,
        1,
        null,
        4708,
        null,
        1,
        4,
        4,
        2,
        null,
        4,
        null,
        1,
        3,
        3,
        null,
        null,
        1,
        3,
        3,
        null,
        null,
        1,
        0,
        null,
        1,
        null,
        1,
        0,
        null,
        1,
        null,
        1,
        0,
        0,
        null,
        null
      ],
      "/home/max/projects/yufu_core/spec/models/group_spec.rb": [
        1,
        null,
        1,
        null,
        3,
        1,
        3,
        1,
        null,
        1,
        2,
        null,
        null,
        3,
        null,
        null,
        1,
        null,
        1,
        2,
        null,
        null,
        1,
        1,
        1,
        null,
        null,
        null,
        1,
        1,
        1,
        null,
        null,
        null,
        1,
        1,
        1,
        1,
        1,
        null,
        null,
        1,
        1,
        1,
        1,
        1,
        null,
        null,
        null,
        null,
        null,
        null,
        null
      ],
      "/home/max/projects/yufu_core/app/models/group.rb": [
        1,
        1,
        null,
        1,
        null,
        1,
        null,
        1,
        1,
        null,
        null
      ],
      "/home/max/projects/yufu_core/spec/models/invite_spec.rb": [
        1,
        null,
        1,
        null
      ],
      "/home/max/projects/yufu_core/app/models/invite.rb": [
        1,
        1,
        null,
        1,
        1,
        1,
        1,
        null,
        1,
        1,
        null,
        1,
        null,
        1,
        null,
        1,
        1,
        1,
        1,
        null,
        3,
        1,
        2,
        2,
        null,
        null,
        1,
        0,
        null,
        null,
        1,
        9,
        0,
        null,
        null,
        null,
        1,
        9,
        0,
        0,
        null,
        null,
        null,
        null,
        null
      ],
      "/home/max/projects/yufu_core/spec/models/invoice/item_spec.rb": [
        1,
        null,
        1,
        1,
        null
      ],
      "/home/max/projects/yufu_core/app/models/invoice.rb": [
        1,
        1,
        1,
        1,
        1,
        null,
        1,
        1,
        1,
        1,
        1,
        1,
        null,
        1,
        null,
        1,
        1,
        null,
        1,
        1,
        null,
        1,
        1,
        1,
        null,
        null,
        null,
        1,
        1,
        null,
        null,
        1,
        null,
        1,
        null,
        null,
        null,
        null,
        1,
        1,
        1,
        1,
        1,
        null,
        1,
        null,
        1,
        7,
        null,
        null,
        null,
        null,
        null,
        null,
        1,
        5,
        5,
        4,
        4,
        null,
        1,
        null,
        null,
        1,
        1,
        null,
        null,
        1,
        1,
        null,
        null,
        1,
        1,
        null,
        null,
        1,
        1,
        null,
        null,
        null,
        1,
        0,
        null,
        null,
        1,
        74,
        3,
        0,
        0,
        null,
        null,
        null,
        null,
        1,
        0,
        0,
        null,
        null,
        null,
        null,
        1,
        61,
        null,
        null,
        1,
        26,
        24,
        24,
        24,
        null,
        2,
        null,
        null,
        null,
        1,
        2,
        2,
        1,
        2,
        null,
        null,
        null,
        null,
        null
      ],
      "/home/max/projects/yufu_core/app/models/invoice/item.rb": [
        1,
        1,
        1,
        1,
        null,
        1,
        1,
        1,
        null,
        null,
        1,
        null,
        1,
        null,
        1,
        null
      ],
      "/home/max/projects/yufu_core/spec/models/invoice_spec.rb": [
        1,
        null,
        1,
        null,
        1,
        14,
        14,
        14,
        null,
        null,
        1,
        2,
        2,
        null,
        2,
        null,
        1,
        1,
        1,
        null,
        null,
        null,
        1,
        3,
        3,
        2,
        null,
        3,
        null,
        1,
        1,
        1,
        null,
        null,
        1,
        1,
        1,
        null,
        null,
        null,
        1,
        null,
        6,
        null,
        1,
        5,
        5,
        5,
        null,
        null,
        1,
        null,
        5,
        5,
        5,
        5,
        null,
        4,
        4,
        4,
        4,
        null,
        null,
        1,
        2,
        2,
        2,
        null,
        5,
        null,
        null,
        null,
        1,
        2,
        null,
        1,
        2,
        1,
        1,
        null,
        null,
        null,
        1,
        2,
        1,
        1,
        0,
        0,
        null,
        null,
        null,
        null,
        null,
        1,
        3,
        1,
        3,
        null,
        2,
        2,
        null,
        null,
        null,
        1,
        null,
        1,
        2,
        null,
        2,
        null,
        5,
        null,
        null,
        null,
        1,
        null,
        2,
        null,
        2,
        2,
        null,
        1,
        1,
        1,
        null,
        null,
        5,
        null,
        null,
        null,
        null,
        null
      ],
      "/home/max/projects/yufu_core/spec/models/language_spec.rb": [
        1,
        null,
        1,
        null,
        1,
        4,
        4,
        4,
        4,
        4,
        null,
        2,
        2,
        2,
        2,
        2,
        2,
        null,
        null,
        null,
        1,
        null,
        1,
        null,
        1,
        1,
        null,
        null,
        null,
        null,
        1,
        null,
        1,
        null,
        1,
        1,
        null,
        null,
        null,
        null,
        null
      ],
      "/home/max/projects/yufu_core/app/models/language.rb": [
        1,
        1,
        1,
        1,
        1,
        null,
        1,
        1,
        1,
        1,
        1,
        1,
        1,
        1,
        1,
        null,
        1,
        1,
        null,
        1,
        1,
        null,
        null,
        1,
        1,
        null,
        1,
        1,
        null,
        1,
        null,
        1,
        null,
        1,
        null,
        null,
        1,
        0,
        null,
        null,
        1,
        0,
        0,
        0,
        null,
        null,
        1,
        0,
        0,
        null,
        null,
        null,
        1,
        0,
        0,
        0,
        null,
        0,
        null,
        null,
        null,
        null,
        1,
        1,
        1,
        5,
        2,
        null,
        null,
        1,
        1,
        null,
        null,
        1,
        1,
        1,
        5,
        3,
        null,
        null,
        1,
        1,
        null,
        null,
        1,
        8644,
        null,
        1,
        0,
        null,
        1,
        null,
        1,
        0,
        null,
        null,
        1,
        1,
        32,
        32,
        32,
        32,
        null,
        32,
        32,
        30,
        0,
        0,
        null,
        2,
        2,
        2,
        null,
        2,
        null,
        null,
        null,
        1,
        32,
        32,
        0,
        null,
        null,
        null
      ],
      "/home/max/projects/yufu_core/spec/models/languages_group_spec.rb": [
        1,
        null,
        1,
        5,
        1,
        1,
        1,
        2,
        null,
        1,
        2,
        null,
        null,
        null,
        1,
        1,
        2,
        null,
        1,
        2,
        null,
        null,
        null,
        null
      ],
      "/home/max/projects/yufu_core/app/models/languages_group.rb": [
        1,
        1,
        null,
        1,
        1,
        1,
        null,
        1,
        null,
        1,
        null,
        null,
        1,
        21,
        21,
        null,
        null,
        1,
        2,
        2,
        null,
        null,
        1,
        2,
        null,
        null,
        1,
        2,
        null,
        null,
        null
      ],
      "/home/max/projects/yufu_core/app/models/currency.rb": [
        1,
        1,
        1,
        null,
        1,
        1,
        1,
        null,
        1,
        null,
        null,
        null,
        null,
        null,
        null,
        null,
        null,
        null,
        null,
        null,
        1,
        22,
        null,
        null,
        1,
        4,
        null,
        null,
        1,
        0,
        null,
        null,
        1,
        26,
        26,
        26,
        26,
        26,
        null,
        26,
        null,
        null,
        1,
        23,
        null,
        null,
        1,
        0,
        0,
        null,
        0,
        null,
        0,
        0,
        0,
        null,
        0,
        null,
        null,
        null,
        null
      ],
      "/home/max/projects/yufu_core/spec/models/notification_spec.rb": [
        1,
        null,
        1,
        1,
        2,
        2,
        1,
        3,
        null,
        4,
        null,
        1,
        1,
        null,
        3,
        null,
        null,
        null
      ],
      "/home/max/projects/yufu_core/app/models/notification.rb": [
        1,
        1,
        1,
        null,
        1,
        null,
        1,
        null,
        1,
        1,
        null,
        610,
        1,
        null,
        1,
        25,
        1,
        0,
        null,
        null,
        1,
        0,
        null,
        null
      ],
      "/home/max/projects/yufu_core/spec/models/office_spec.rb": [
        1,
        null,
        1,
        1,
        5,
        null,
        1,
        3,
        3,
        null,
        2,
        5,
        null,
        null,
        1,
        2,
        5,
        null,
        null,
        null
      ],
      "/home/max/projects/yufu_core/app/models/office.rb": [
        1,
        1,
        1,
        1,
        null,
        1,
        null,
        1,
        null,
        1,
        null,
        1,
        0,
        null,
        null,
        1,
        23,
        null,
        null
      ],
      "/home/max/projects/yufu_core/spec/models/order/base_spec.rb": [
        1,
        null,
        1,
        null,
        1,
        2,
        null,
        3,
        null,
        3,
        null,
        1,
        null,
        2,
        5,
        null,
        null,
        1,
        null,
        null,
        null,
        1,
        2,
        null,
        2,
        2,
        null,
        2,
        null,
        5,
        null,
        null,
        1,
        null,
        null,
        null,
        null,
        null,
        1,
        3,
        null,
        4,
        null,
        4,
        null,
        1,
        2,
        5,
        null,
        null,
        1,
        2,
        5,
        null,
        null,
        1,
        2,
        2,
        5,
        null,
        null,
        null,
        1,
        3,
        3,
        null,
        3,
        null,
        3,
        null,
        4,
        null,
        1,
        1,
        3,
        null,
        null,
        null,
        null,
        1,
        3,
        3,
        null,
        1,
        1,
        null,
        null,
        1,
        1,
        null,
        null,
        null,
        null,
        1,
        1,
        1,
        1,
        null,
        1,
        1,
        1,
        1,
        null,
        null,
        null,
        1,
        3,
        3,
        1,
        4,
        null,
        1,
        4,
        null,
        null,
        null,
        1,
        2,
        null,
        2,
        2,
        null,
        1,
        2,
        1,
        4,
        null,
        null,
        null,
        null,
        1,
        3,
        3,
        3,
        3,
        1,
        3,
        null,
        null,
        1,
        1,
        0,
        null,
        null,
        null,
        null
      ],
      "/home/max/projects/yufu_core/spec/models/order/car_rent_spec.rb": [
        1,
        null,
        1,
        1,
        2,
        2,
        2,
        null,
        null
      ],
      "/home/max/projects/yufu_core/app/models/order/car_rent.rb": [
        1,
        null,
        1,
        1,
        1,
        null,
        1,
        1,
        null,
        1,
        null,
        null,
        null,
        1,
        1,
        1,
        1,
        null,
        null,
        null,
        null
      ],
      "/home/max/projects/yufu_core/app/models/concerns/multi_parameter_attributes.rb": [
        1,
        null,
        1,
        null,
        null,
        null,
        null,
        1,
        1,
        null,
        1,
        0,
        0,
        0,
        null,
        null,
        null,
        null,
        null,
        null,
        null,
        null,
        1,
        1,
        null,
        1,
        0,
        null,
        null,
        null,
        null,
        null,
        null,
        null,
        null,
        null,
        null,
        null,
        null,
        null,
        null,
        null,
        1,
        3591,
        3590,
        3590,
        3590,
        3590,
        null,
        3590,
        1,
        0,
        0,
        null,
        1,
        null,
        null,
        null,
        3590,
        0,
        0,
        0,
        0,
        null,
        null,
        null,
        0,
        null,
        null,
        null,
        3590,
        0,
        null,
        null,
        3590,
        null,
        1,
        null,
        null,
        null,
        1,
        null,
        1,
        0,
        0,
        0,
        0,
        0,
        0,
        0,
        null,
        0,
        null,
        null,
        null
      ],
      "/home/max/projects/yufu_core/spec/models/order/get_translation_spec.rb": [
        1,
        null,
        1,
        1,
        4,
        null,
        1,
        2,
        2,
        null,
        null,
        1,
        2,
        2,
        null,
        null,
        1,
        2,
        2,
        null,
        null,
        null
      ],
      "/home/max/projects/yufu_core/app/models/order/get_translation.rb": [
        1,
        1,
        1,
        null,
        1,
        null,
        1,
        null,
        6,
        null,
        null
      ],
      "/home/max/projects/yufu_core/spec/models/order/language_criterion_spec.rb": [
        1,
        null,
        1,
        null,
        1,
        null,
        4,
        null,
        1,
        2,
        2,
        null,
        null,
        1,
        2,
        2,
        null,
        null,
        1,
        2,
        2,
        null,
        null,
        null,
        null,
        null
      ],
      "/home/max/projects/yufu_core/app/models/order/language_criterion.rb": [
        1,
        1,
        1,
        1,
        1,
        null,
        1,
        1,
        null,
        1,
        1,
        null,
        1,
        1,
        1,
        null,
        null,
        1,
        3,
        2,
        null,
        null,
        1,
        1,
        4011,
        null,
        null,
        null
      ],
      "/home/max/projects/yufu_core/spec/models/order/local_expert_spec.rb": [
        1,
        null,
        1,
        null,
        1,
        3,
        3,
        3,
        null,
        null,
        3,
        null,
        2,
        2,
        null,
        null,
        1,
        null,
        5,
        null,
        5,
        5,
        null,
        5,
        4,
        null,
        2,
        2,
        2,
        2,
        null,
        null
      ],
      "/home/max/projects/yufu_core/spec/models/order/offer_spec.rb": [
        1,
        null,
        1,
        null,
        1,
        1,
        7,
        null,
        1,
        4,
        null,
        4,
        4,
        4,
        null,
        null,
        1,
        4,
        null,
        4,
        4,
        4,
        null,
        null,
        null,
        null,
        1,
        7,
        5,
        null,
        1,
        3,
        null,
        1,
        2,
        null,
        1,
        1,
        1,
        null,
        null,
        1,
        null,
        null,
        1,
        4,
        null,
        null,
        1,
        2,
        null,
        5,
        null,
        null,
        null,
        1,
        3,
        null,
        1,
        2,
        null,
        1,
        1,
        1,
        null,
        null,
        1,
        null,
        null,
        1,
        4,
        null,
        null,
        1,
        2,
        null,
        5,
        null,
        null,
        null,
        null,
        1,
        1,
        1,
        1,
        1,
        null,
        null,
        1,
        null,
        3,
        3,
        null,
        1,
        2,
        null,
        null,
        1,
        null,
        2,
        null,
        2,
        null,
        null,
        null,
        null,
        null
      ],
      "/home/max/projects/yufu_core/app/models/order/offer.rb": [
        1,
        1,
        1,
        1,
        null,
        1,
        null,
        1,
        1,
        null,
        1,
        1,
        null,
        1,
        1,
        1,
        1,
        null,
        28,
        25,
        null,
        null,
        1,
        70,
        null,
        1,
        null,
        10,
        null,
        10,
        5,
        null,
        5,
        null,
        null,
        1,
        0,
        0,
        null,
        0,
        0,
        null,
        0,
        null,
        null,
        null,
        null,
        1,
        24,
        null,
        null,
        1,
        24,
        null,
        null,
        1,
        10,
        null,
        null,
        1,
        1,
        0,
        null,
        null,
        1,
        0,
        0,
        null,
        0,
        0,
        0,
        null,
        null,
        null,
        null,
        1,
        0,
        null,
        null,
        null,
        null
      ],
      "/home/max/projects/yufu_core/spec/models/order/reservation_date_spec.rb": [
        1,
        null,
        1,
        null,
        1,
        4,
        4,
        null,
        4,
        null,
        1,
        2,
        2,
        null,
        null,
        1,
        2,
        2,
        null,
        null,
        1,
        2,
        2,
        null,
        null,
        null,
        null,
        1,
        null,
        3,
        null,
        3,
        null,
        3,
        null,
        3,
        null,
        1,
        2,
        null,
        2,
        null,
        null,
        null,
        1,
        2,
        null,
        2,
        null,
        null,
        null,
        null,
        1,
        null,
        4,
        null,
        4,
        null,
        4,
        4,
        null,
        1,
        2,
        null,
        2,
        null,
        null,
        1,
        2,
        null,
        2,
        null,
        null,
        1,
        2,
        null,
        2,
        null,
        null,
        null,
        null,
        1,
        5,
        3,
        5,
        1,
        1,
        null,
        null,
        null,
        1,
        4,
        null,
        null,
        1,
        null,
        3,
        null,
        1,
        2,
        null,
        null,
        1,
        2,
        null,
        2,
        null,
        null,
        null,
        1,
        3,
        null,
        3,
        null,
        1,
        2,
        2,
        null,
        2,
        null,
        null,
        1,
        2,
        2,
        null,
        2,
        null,
        null,
        null,
        null,
        null,
        null,
        1,
        1,
        1,
        1,
        null,
        1,
        1,
        null,
        1,
        0,
        null,
        null,
        1,
        0,
        0,
        0,
        0,
        0,
        null,
        null,
        null,
        null,
        null,
        null,
        null,
        null,
        null,
        null,
        null,
        null,
        null,
        null,
        null,
        null,
        null,
        null,
        null,
        null,
        null,
        null,
        null,
        null,
        null,
        null,
        null,
        null,
        null,
        null,
        null,
        null,
        null,
        null,
        null,
        1,
        3,
        1,
        1,
        1,
        1,
        null,
        null,
        1,
        1,
        1,
        null,
        null,
        null,
        null
      ],
      "/home/max/projects/yufu_core/app/models/order/reservation_date.rb": [
        1,
        1,
        1,
        1,
        null,
        1,
        1,
        1,
        null,
        1,
        null,
        1,
        1,
        null,
        1,
        1,
        null,
        1,
        null,
        1,
        142,
        142,
        142,
        142,
        null,
        1,
        null,
        null,
        1,
        0,
        0,
        0,
        null,
        null,
        null,
        null,
        1,
        21,
        13,
        13,
        null,
        null,
        1,
        12,
        7,
        7,
        null,
        null,
        1,
        23,
        23,
        23,
        23,
        23,
        23,
        null,
        23,
        null,
        null,
        null
      ],
      "/home/max/projects/yufu_core/spec/models/order/service_order_spec.rb": [
        1,
        null,
        1,
        null,
        1,
        3,
        3,
        2,
        null,
        null,
        null,
        2,
        null,
        null,
        null,
        null,
        3,
        null,
        1,
        2,
        null,
        2,
        null,
        null,
        1,
        2,
        null,
        null,
        2,
        null,
        null,
        null,
        null
      ],
      "/home/max/projects/yufu_core/spec/models/order/verbal/translators_queue_spec.rb": [
        1,
        null,
        1,
        null,
        1,
        6,
        10,
        null,
        null,
        1,
        7,
        null,
        1,
        2,
        null,
        2,
        null,
        null,
        1,
        2,
        null,
        2,
        null,
        null,
        1,
        2,
        null,
        2,
        null,
        null,
        1,
        1,
        5,
        1,
        4,
        null,
        null,
        null,
        1,
        5,
        null,
        1,
        null,
        2,
        2,
        null,
        null,
        null,
        1,
        1,
        7,
        7,
        1,
        null,
        0,
        null,
        1,
        6,
        null,
        null,
        null,
        null,
        null,
        1,
        null,
        1,
        null,
        7,
        null,
        1,
        1,
        null,
        1,
        1,
        1,
        null,
        1,
        null,
        null,
        1,
        1,
        null,
        1,
        null,
        null,
        null,
        1,
        1,
        5,
        5,
        1,
        4,
        null,
        null,
        null,
        null,
        1,
        null,
        1,
        null,
        5,
        null,
        1,
        null,
        1,
        1,
        null,
        null,
        1,
        5,
        5,
        5,
        null,
        null,
        null,
        5,
        null,
        null,
        5,
        null,
        5,
        null,
        1,
        4,
        4,
        null,
        null,
        1,
        null,
        2,
        2,
        null,
        null
      ],
      "/home/max/projects/yufu_core/app/models/order/verbal/translators_queue.rb": [
        1,
        1,
        1,
        1,
        null,
        1,
        null,
        1,
        1,
        null,
        1,
        null,
        1,
        0,
        null,
        1,
        0,
        null,
        null,
        null,
        null,
        1,
        3,
        2,
        2,
        1,
        null,
        null,
        2,
        null,
        null,
        0,
        null,
        null,
        null,
        1,
        0,
        0,
        0,
        null,
        null,
        0,
        null,
        null,
        null,
        1,
        0,
        0,
        null,
        null,
        0,
        null,
        null,
        null,
        1,
        8,
        4,
        4,
        null,
        null,
        4,
        null,
        null,
        null
      ],
      "/home/max/projects/yufu_core/spec/models/order/verbal_spec.rb": [
        1,
        null,
        1,
        null,
        1,
        null,
        null,
        1,
        0,
        0,
        null,
        null,
        null,
        null,
        null,
        null,
        null,
        null,
        null,
        1,
        null,
        2,
        null,
        2,
        2,
        2,
        null,
        2,
        null,
        1,
        1,
        0,
        null,
        null,
        null,
        1,
        null,
        1,
        1,
        1,
        1,
        1,
        null,
        null,
        2,
        null,
        1,
        1,
        1,
        null,
        null,
        null,
        null,
        1,
        null,
        2,
        null,
        2,
        null,
        2,
        null,
        1,
        1,
        null,
        null,
        null,
        null,
        1,
        null,
        2,
        null,
        2,
        1,
        1,
        null,
        null,
        null,
        null,
        1,
        1,
        null,
        2,
        null,
        1,
        1,
        1,
        null,
        1,
        0,
        0,
        null,
        null,
        null,
        null,
        null,
        null,
        null,
        null,
        null,
        null,
        null,
        null,
        null,
        null,
        null,
        null,
        null,
        null,
        null,
        null,
        null,
        null,
        null,
        null,
        null,
        null,
        null,
        null,
        null,
        null,
        null,
        null,
        null,
        null,
        null,
        null,
        null,
        null,
        null,
        null,
        null,
        null,
        null,
        null,
        null,
        null,
        null,
        null,
        null,
        null,
        null,
        null,
        null,
        null,
        null,
        null,
        null,
        null,
        null,
        null,
        null,
        null,
        null,
        null,
        null,
        null,
        null,
        null,
        null,
        null,
        null,
        null,
        null,
        null,
        null,
        null,
        null,
        null,
        null,
        null,
        null,
        null,
        null,
        null,
        null,
        null,
        null,
        null,
        null,
        null,
        null,
        null,
        null,
        1,
        4,
        4,
        4,
        4,
        null,
        1,
        3,
        3,
        3,
        null,
        null,
        null,
        4,
        null,
        4,
        null,
        1,
        1,
        null,
        null,
        1,
        1,
        1,
        2,
        0,
        null,
        null,
        1,
        null,
        null,
        1,
        1,
        null,
        null,
        null,
        1,
        4,
        null,
        4,
        null,
        4,
        null,
        1,
        3,
        null,
        null,
        null,
        1,
        3,
        null,
        null,
        1,
        3,
        null,
        null,
        null,
        1,
        1,
        null,
        2,
        null,
        2,
        null,
        1,
        null,
        1,
        0,
        null,
        null,
        null,
        1,
        null,
        5,
        null,
        5,
        null,
        1,
        null,
        1,
        0,
        null,
        null,
        1,
        0,
        0,
        null,
        null,
        1,
        0,
        0,
        0,
        null,
        null,
        1,
        0,
        0,
        null,
        null,
        1,
        0,
        0,
        null,
        null,
        null,
        null,
        1,
        3,
        null,
        3,
        null,
        1,
        1,
        null,
        null,
        1,
        1,
        1,
        10,
        null,
        null,
        null,
        null,
        null,
        1,
        4,
        3,
        4,
        null,
        4,
        null,
        1,
        2,
        2,
        null,
        5,
        null,
        null,
        1,
        2,
        2,
        null,
        5,
        null,
        null,
        1,
        2,
        2,
        null,
        5,
        null,
        null,
        null,
        1,
        1,
        null,
        3,
        1,
        2,
        null,
        null,
        3,
        3,
        null,
        3,
        null,
        1,
        2,
        null,
        null,
        null,
        null,
        null,
        null,
        null,
        null,
        null,
        3,
        3,
        3,
        null,
        2,
        2,
        null,
        null,
        null,
        1,
        1,
        11,
        11,
        null,
        11,
        null,
        11,
        null,
        11,
        null,
        11,
        null,
        1,
        10,
        null,
        null,
        null,
        null,
        null,
        null,
        null,
        null,
        null,
        null,
        1,
        10,
        null,
        null,
        null,
        null,
        null,
        null,
        null,
        null,
        null,
        11,
        null,
        1,
        10,
        10,
        10,
        null,
        10,
        10,
        null,
        5,
        null,
        2,
        null,
        1,
        4,
        null,
        1,
        1,
        1,
        null,
        null,
        1,
        4,
        null,
        1,
        1,
        1,
        null,
        null,
        1,
        2,
        2,
        2,
        null,
        null,
        null,
        null,
        1,
        null,
        2,
        null,
        2,
        null,
        2,
        null,
        2,
        null,
        2,
        null,
        1,
        1,
        1,
        null,
        null,
        null,
        null,
        null,
        null,
        null,
        2,
        null,
        1,
        1,
        1,
        null,
        null,
        null,
        null,
        null,
        null,
        2,
        null,
        1,
        1,
        1000,
        null,
        null,
        null,
        null,
        null,
        null,
        1,
        1,
        1,
        null,
        null,
        1,
        2,
        null,
        null,
        null,
        null,
        null,
        null,
        1,
        null,
        2,
        2,
        2,
        null,
        2,
        null,
        2,
        null,
        2,
        null,
        1,
        3,
        null,
        null,
        null,
        null,
        1,
        null,
        3,
        null,
        1,
        null,
        3,
        null,
        3,
        null,
        null,
        1,
        1,
        1,
        null,
        null,
        1,
        1,
        1,
        null,
        null,
        null,
        null,
        null,
        null,
        1,
        null,
        3,
        null,
        3,
        3,
        1,
        1,
        1,
        null,
        null,
        2,
        null,
        null,
        1,
        4,
        1,
        2,
        null,
        2,
        null,
        null,
        1,
        3,
        1,
        2,
        2,
        null,
        2,
        null,
        null,
        1,
        2,
        2,
        null,
        null,
        null,
        null,
        1,
        4,
        4,
        null,
        4,
        null,
        4,
        null,
        1,
        2,
        null,
        null,
        2,
        null,
        null,
        1,
        2,
        null,
        2,
        null,
        null,
        1,
        2,
        null,
        null,
        2,
        null,
        null,
        null,
        1,
        null,
        4,
        null,
        4,
        null,
        4,
        3,
        3,
        null,
        1,
        3,
        null,
        null,
        1,
        1,
        1,
        null,
        null,
        1,
        1,
        1,
        null,
        null,
        1,
        1,
        1,
        null,
        null,
        null,
        null,
        null
      ],
      "/home/max/projects/yufu_core/spec/models/order/written_spec.rb": [
        1,
        null,
        1,
        null,
        1,
        7,
        7,
        null,
        1,
        null,
        null,
        null,
        null,
        1,
        3,
        3,
        3,
        null,
        null,
        null,
        3,
        2,
        2,
        null,
        null,
        1,
        1,
        1,
        null,
        null,
        null,
        1,
        null,
        1,
        1,
        null,
        null,
        1,
        1,
        null,
        null,
        null,
        null,
        1,
        2,
        null,
        1,
        1,
        null,
        null,
        null,
        1,
        3,
        null,
        null,
        1,
        1,
        1,
        null,
        null,
        null,
        1,
        1,
        1,
        null,
        null,
        null,
        null,
        1,
        3,
        5,
        6,
        1,
        null,
        2,
        null,
        1,
        1,
        null,
        null,
        null,
        1,
        null,
        2,
        null,
        1,
        1,
        null,
        null,
        null,
        null,
        1,
        null,
        2,
        null,
        1,
        1,
        null,
        null,
        null,
        null,
        1,
        null,
        2,
        null,
        1,
        1,
        null,
        null,
        null,
        1,
        null,
        2,
        null,
        1,
        1,
        null,
        null,
        null,
        null,
        1,
        null,
        3,
        3,
        3,
        1,
        1,
        null,
        1,
        null,
        1,
        2,
        2,
        2,
        2,
        0,
        0,
        null,
        null,
        1,
        1,
        null,
        3,
        null,
        null,
        null,
        null,
        1,
        1,
        null,
        null,
        null,
        null,
        null,
        null,
        null,
        null,
        null,
        null,
        null,
        null,
        null,
        null,
        null,
        null,
        null,
        null,
        null,
        null,
        null,
        null,
        null,
        null,
        null,
        null,
        null,
        null,
        null,
        null,
        null,
        null,
        null,
        null,
        null,
        null,
        null,
        null,
        null,
        null,
        null,
        null,
        null,
        null,
        null,
        null,
        null,
        null,
        null,
        null,
        null,
        null,
        null,
        null,
        null,
        null,
        null,
        null,
        null,
        null,
        null,
        null,
        null,
        null,
        null,
        1,
        null,
        3,
        3,
        3,
        3,
        null,
        3,
        null,
        null,
        null,
        null,
        3,
        null,
        3,
        3,
        3,
        null,
        1,
        2,
        2,
        2,
        2,
        2,
        null,
        null,
        1,
        1,
        null,
        null,
        1,
        1,
        1,
        1,
        null,
        null,
        null,
        null,
        null,
        1,
        null,
        6,
        null,
        1,
        null,
        3,
        null,
        1,
        2,
        null,
        null,
        2,
        2,
        null,
        null,
        null,
        1,
        null,
        4,
        null,
        1,
        3,
        3,
        null,
        null,
        2,
        2,
        2,
        null,
        null,
        null,
        null,
        null,
        null
      ],
      "/home/max/projects/yufu_core/spec/models/payment_spec.rb": [
        1,
        null,
        1,
        null,
        1,
        2,
        2,
        null,
        1,
        1,
        1,
        1,
        null,
        null,
        2,
        null,
        1,
        1,
        0,
        0,
        0,
        null,
        null,
        null,
        null
      ],
      "/home/max/projects/yufu_core/app/models/order/payment.rb": [
        1,
        1,
        1,
        1,
        null,
        1,
        null,
        1,
        1,
        null,
        1,
        1,
        1,
        null,
        1,
        0,
        0,
        0,
        null,
        null,
        1,
        0,
        null,
        null,
        1,
        0,
        null,
        null,
        1,
        1,
        8,
        0,
        null,
        8,
        0,
        null,
        8,
        null,
        null,
        null
      ],
      "/home/max/projects/yufu_core/spec/models/permission_spec.rb": [
        1,
        null,
        1,
        5,
        null,
        1,
        4,
        null,
        null,
        5,
        null,
        1,
        3,
        3,
        null,
        null,
        null,
        1,
        1,
        1,
        null,
        null,
        null,
        1,
        1,
        1,
        1,
        null,
        1,
        1,
        null,
        null,
        1,
        null,
        null,
        null,
        1,
        1,
        1,
        1,
        null,
        1,
        1,
        null,
        null,
        1,
        null,
        null,
        null,
        1,
        2,
        1,
        1,
        1,
        null,
        1,
        1,
        null,
        null,
        1,
        null,
        null,
        null,
        1,
        2,
        1,
        1,
        1,
        null,
        1,
        1,
        null,
        null,
        1,
        null,
        null
      ],
      "/home/max/projects/yufu_core/app/models/permission.rb": [
        1,
        1,
        null,
        1,
        null,
        1,
        1,
        1,
        1,
        1,
        null,
        1,
        1,
        null,
        1,
        1,
        1,
        1,
        0,
        0,
        null,
        1,
        null,
        null,
        1,
        1,
        null
      ],
      "/home/max/projects/yufu_core/spec/models/price/base_spec.rb": [
        1,
        null,
        1,
        null,
        2,
        1,
        null,
        1,
        2,
        null,
        1,
        4,
        null,
        null,
        null
      ],
      "/home/max/projects/yufu_core/app/models/price.rb": [
        1,
        1,
        null,
        1,
        0,
        0,
        null,
        null,
        1,
        7,
        null,
        null,
        null,
        1,
        0,
        0,
        0,
        null,
        0,
        null,
        null,
        0,
        null,
        null,
        null,
        1,
        0,
        0,
        null,
        0,
        0,
        0,
        null,
        null,
        null,
        null
      ],
      "/home/max/projects/yufu_core/app/models/price/base.rb": [
        1,
        1,
        1,
        1,
        1,
        null,
        1,
        null,
        1,
        null,
        1,
        0,
        null,
        null,
        null
      ],
      "/home/max/projects/yufu_core/spec/models/profile/base_spec.rb": [
        1,
        null,
        1,
        1,
        2,
        2,
        2,
        null,
        null,
        null,
        null,
        null,
        null,
        null,
        null,
        null,
        null,
        null,
        null,
        null,
        null,
        null,
        null,
        null,
        1,
        2,
        2,
        null,
        1,
        1,
        4,
        null,
        null,
        null,
        null
      ],
      "/home/max/projects/yufu_core/spec/models/profile/service_spec.rb": [
        1,
        null,
        1,
        null,
        1,
        3,
        3,
        3,
        null,
        3,
        null,
        2,
        2,
        null,
        null,
        1,
        3,
        3,
        3,
        null,
        3,
        null,
        2,
        2,
        null,
        null,
        1,
        4,
        null,
        1,
        2,
        2,
        null,
        null,
        1,
        3,
        null,
        1,
        2,
        2,
        null,
        null,
        1,
        2,
        2,
        null,
        null,
        null,
        null,
        1,
        1,
        1,
        null,
        7,
        null,
        9,
        null,
        1,
        7,
        7,
        7,
        null,
        null,
        4,
        2,
        null,
        1,
        2,
        null,
        1,
        4,
        null,
        null,
        1,
        4,
        null,
        1,
        1,
        0,
        null,
        null,
        1,
        1,
        0,
        null,
        null,
        null,
        null,
        1,
        1,
        3,
        3,
        3,
        null,
        1,
        1,
        null,
        null,
        null
      ],
      "/home/max/projects/yufu_core/app/models/profile/service.rb": [
        1,
        1,
        1,
        1,
        1,
        null,
        null,
        1,
        1,
        1,
        1,
        1,
        1,
        1,
        1,
        1,
        1,
        null,
        1,
        1,
        null,
        null,
        1,
        1,
        1,
        null,
        3,
        154,
        null,
        null,
        1,
        0,
        null,
        null,
        1,
        0,
        null,
        null,
        1,
        0,
        0,
        0,
        null,
        null,
        null,
        null,
        1,
        3703,
        0,
        null,
        null,
        null,
        1,
        8,
        null,
        null,
        1,
        6,
        6,
        1,
        null,
        0,
        null,
        null,
        null,
        1,
        0,
        null,
        null,
        1,
        0,
        0,
        null,
        null,
        1,
        0,
        null,
        null,
        null
      ],
      "/home/max/projects/yufu_core/app/models/concerns/approvable.rb": [
        1,
        1,
        null,
        1,
        2,
        null,
        2,
        325,
        null,
        null,
        1,
        0,
        null,
        null,
        1,
        0,
        null,
        null
      ],
      "/home/max/projects/yufu_core/spec/models/profile/steps/language_main_spec.rb": [
        1,
        null,
        1,
        1,
        2,
        2,
        2,
        null,
        2,
        null,
        null,
        1,
        2,
        null,
        1,
        4,
        null,
        null,
        null,
        1,
        null,
        3,
        3,
        1,
        null,
        null,
        4,
        1,
        1,
        1,
        1,
        null,
        null,
        1,
        1,
        1,
        null,
        null,
        null,
        1,
        2,
        5,
        null,
        null,
        null,
        null
      ],
      "/home/max/projects/yufu_core/app/models/profile/steps/language_main.rb": [
        1,
        1,
        1,
        1,
        1,
        null,
        1,
        1,
        1,
        null,
        1,
        null,
        1,
        1,
        2,
        null,
        1,
        2,
        2,
        null,
        null,
        null,
        null,
        null
      ],
      "/home/max/projects/yufu_core/spec/models/profile/steps/personal_spec.rb": [
        1,
        null,
        1,
        1,
        2,
        2,
        null,
        2,
        null,
        2,
        null,
        null,
        5,
        null,
        null
      ],
      "/home/max/projects/yufu_core/app/models/profile/steps/personal.rb": [
        1,
        1,
        1,
        1,
        1,
        1,
        null,
        1,
        1,
        null,
        1,
        null,
        1,
        null,
        null,
        null,
        null,
        1,
        null,
        1,
        null,
        1,
        null,
        1,
        null,
        1,
        null,
        null,
        null,
        1,
        2,
        null,
        null,
        null,
        null,
        null
      ],
      "/home/max/projects/yufu_core/spec/models/profile/steps/service_spec.rb": [
        1,
        null,
        1,
        null,
        1,
        5,
        5,
        5,
        4,
        null,
        5,
        null,
        1,
        2,
        null,
        5,
        null,
        null,
        1,
        2,
[...]
        1,
        null,
        1618,
        null,
        1,
        1,
        1,
        1,
        1,
        null,
        1,
        1,
        null,
        1,
        1,
        null,
        1,
        1,
        null,
        null,
        1,
        1,
        null,
        null,
        null,
        1,
        0,
        null,
        null,
        1,
        0,
        null,
        null,
        1,
        0,
        null,
        null,
        null,
        1,
        0,
        null,
        null,
        1,
        1,
        17,
        17,
        null,
        null,
        1,
        17,
        null,
        null,
        null
      ],
      "/home/max/projects/yufu_core/spec/models/transaction_spec.rb": [
        1,
        null,
        1,
        1,
        4,
        4,
        null,
        9,
        null,
        1,
        4,
        5,
        5,
        5,
        null,
        null,
        1,
        4,
        5,
        5,
        5,
        null,
        null,
        1,
        3,
        5,
        5,
        null,
        null,
        null,
        1,
        4,
        4,
        null,
        9,
        null,
        1,
        10,
        10,
        10,
        null,
        null,
        1,
        4,
        1,
        null,
        null,
        1,
        4,
        1,
        null,
        null,
        1,
        3,
        5,
        5,
        null,
        null,
        null
      ],
      "/home/max/projects/yufu_core/app/models/transaction.rb": [
        1,
        1,
        1,
        null,
        1,
        1,
        null,
        1,
        1,
        1,
        1,
        null,
        1,
        1,
        null,
        1,
        1,
        0,
        null,
        null,
        3797,
        null,
        1,
        1,
        1,
        null,
        1,
        1,
        null,
        1,
        1,
        null,
        null,
        null,
        null,
        1,
        20,
        20,
        20,
        20,
        20,
        null,
        null,
        1,
        3,
        3,
        3,
        3,
        3,
        null,
        null,
        null,
        1,
        0,
        null,
        null,
        1,
        0,
        null,
        null,
        null
      ],
      "/home/max/projects/yufu_core/spec/models/translation_spec.rb": [
        1,
        null,
        1,
        null,
        null,
        null,
        1,
        2,
        2,
        null,
        null,
        1,
        3,
        2,
        1,
        1,
        null,
        null,
        null,
        1,
        null,
        1,
        2,
        2,
        null,
        null,
        2,
        2,
        null,
        1,
        2,
        null,
        4,
        null,
        null,
        1,
        1,
        3,
        null,
        null,
        null,
        null
      ],
      "/home/max/projects/yufu_core/app/models/translation.rb": [
        1,
        1,
        null,
        1,
        null,
        null,
        null,
        1,
        null,
        null,
        null,
        null,
        1,
        1,
        null,
        1,
        3,
        2,
        2,
        2,
        0,
        null,
        2,
        null,
        null,
        null,
        1,
        1,
        1,
        0,
        null,
        1,
        1,
        null,
        1,
        1,
        null,
        null,
        1,
        0,
        null,
        null,
        null,
        null,
        1,
        0,
        null,
        0,
        0,
        0,
        0,
        null,
        0,
        0,
        null,
        0,
        null,
        null,
        null,
        0,
        0,
        null,
        null,
        null,
        null,
        1,
        1,
        1,
        null,
        1,
        1,
        1,
        1,
        1,
        null,
        1,
        null,
        1,
        0,
        0,
        null,
        0,
        0,
        null,
        null,
        null,
        null,
        1,
        1,
        1,
        null,
        null,
        1,
        1,
        1,
        1,
        1,
        0,
        null,
        null,
        0,
        null,
        null,
        1,
        0,
        0,
        0,
        0,
        null,
        null,
        null,
        null,
        null,
        null,
        1,
        0,
        0,
        0,
        0,
        null,
        0,
        0,
        0,
        0,
        0,
        null,
        null,
        0,
        null,
        0,
        null,
        null,
        null,
        null,
        null,
        null
      ],
      "/home/max/projects/yufu_core/spec/models/user_spec.rb": [
        1,
        null,
        1,
        null,
        1,
        5,
        null,
        1,
        4,
        null,
        null,
        5,
        null,
        1,
        2,
        null,
        null,
        1,
        2,
        2,
        null,
        null,
        1,
        2,
        2,
        null,
        1,
        1,
        1,
        1,
        null,
        2,
        null,
        null,
        null,
        1,
        2,
        null,
        1,
        1,
        null,
        null,
        null,
        null,
        null,
        null,
        null,
        null,
        null,
        null,
        null,
        null,
        null,
        null,
        null,
        null,
        null,
        null,
        null,
        null,
        null,
        1,
        7,
        7,
        null,
        1,
        2,
        null,
        2,
        null,
        null,
        1,
        2,
        null,
        2,
        null,
        null,
        1,
        2,
        2,
        null,
        2,
        null,
        null,
        1,
        2,
        2,
        null,
        2,
        null,
        null,
        1,
        2,
        2,
        null,
        2,
        null,
        null,
        1,
        2,
        2,
        null,
        null,
        null,
        1,
        4,
        null,
        4,
        null,
        null,
        1,
        null,
        1,
        1,
        null,
        null,
        2,
        null,
        null,
        1,
        null,
        1,
        1,
        1,
        null,
        null,
        2,
        null,
        null,
        1,
        2,
        null,
        null,
        null,
        1,
        3,
        1,
        2,
        2,
        null,
        null,
        1,
        2,
        2,
        null,
        null,
        null,
        1,
        1,
        null,
        1,
        2,
        2,
        null,
        2,
        null,
        null,
        1,
        2,
        null,
        2,
        null,
        null,
        null
      ],
      "/home/max/projects/yufu_core/app/models/price/verbal.rb": [
        1,
        1,
        1,
        null,
        null
      ],
      "/home/max/projects/yufu_core/app/models/price/written.rb": [
        1,
        1,
        null,
        1,
        null,
        1,
        null,
        1,
        null,
        null
      ],
      "/home/max/projects/yufu_core/app/models/localization.rb": [
        1,
        1,
        null,
        null,
        null,
        null,
        1,
        1,
        null,
        1,
        1,
        null,
        1,
        null,
        null,
        1,
        null,
        1,
        null,
        1,
        0,
        null,
        null,
        1,
        0,
        null,
        null
      ],
      "/home/max/projects/yufu_core/app/models/invitation_text.rb": [
        1,
        1,
        null,
        1,
        1,
        null,
        1,
        null,
        1,
        null,
        1,
        null,
        1,
        null,
        null,
        null,
        null,
        null,
        null,
        null,
        null,
        null,
        null,
        null,
        null,
        null,
        null,
        null,
        null
      ],
      "/home/max/projects/yufu_core/app/models/banner.rb": [
        1,
        1,
        1,
        1,
        1,
        null,
        1,
        null,
        1,
        null,
        1,
        null,
        1,
        1,
        null,
        1,
        null,
        1,
        null,
        1,
        0,
        null,
        null,
        null,
        null,
        null,
        null,
        1,
        0,
        null,
        null,
        1,
        1,
        1533,
        1533,
        null,
        null,
        0,
        0,
        0,
        0,
        null,
        null
      ],
      "/home/max/projects/yufu_core/app/models/concerns/promo_object.rb": [
        1,
        1,
        null,
        1,
        null,
        2,
        2,
        2,
        null,
        2,
        null,
        null
      ],
      "/home/max/projects/yufu_core/app/models/referral_link.rb": [
        1,
        1,
        1,
        1,
        null,
        1,
        null,
        1,
        0,
        null,
        null
      ],
      "/home/max/projects/yufu_core/app/models/visit.rb": [
        1,
        1,
        1,
        null,
        1,
        null
      ],
      "/home/max/projects/yufu_core/app/models/billing.rb": [
        1,
        1,
        null,
        1,
        1,
        null,
        1,
        null,
        1,
        null,
        1,
        null,
        null
      ],
      "/home/max/projects/yufu_core/app/models/city_approve.rb": [
        1,
        1,
        1,
        1,
        null,
        1,
        null,
        1,
        1,
        null,
        1,
        1,
        null,
        1,
        null,
        8053,
        752,
        748,
        null,
        null,
        1,
        0,
        null,
        null,
        1,
        0,
        0,
        null,
        null,
        1,
        0,
        0,
        0,
        null,
        null,
        null,
        1,
        1374,
        null,
        null,
        1,
        1374,
        null,
        null,
        null
      ],
      "/home/max/projects/yufu_core/app/models/profile/steps/contact.rb": [
        1,
        1,
        1,
        1,
        1,
        null,
        1,
        null,
        null,
        1,
        null,
        1,
        1,
        1,
        null,
        1,
        0,
        0,
        null,
        null,
        null,
        null
      ],
      "/home/max/projects/yufu_core/app/models/profile/steps/education.rb": [
        1,
        1,
        1,
        1,
        1,
        null,
        1,
        null,
        1,
        null,
        1,
        null,
        1,
        null,
        null,
        null,
        null
      ],
      "/home/max/projects/yufu_core/app/models/profile/education.rb": [
        1,
        1,
        1,
        1,
        null,
        1,
        1,
        1,
        null,
        1,
        1,
        null,
        1,
        1,
        1,
        null,
        1,
        null,
        1,
        null,
        1,
        0,
        null,
        null,
        1,
        0,
        0,
        null,
        null,
        null,
        null
      ],
      "/home/max/projects/yufu_core/app/mailers/users_mailer.rb": [
        1,
        null,
        0,
        0,
        null,
        0,
        0,
        0,
        0,
        null,
        null,
        0,
        0,
        0,
        0,
        0,
        null,
        null,
        null,
        null,
        null,
        null,
        null,
        null,
        null,
        null,
        0,
        null,
        null,
        0,
        0,
        0,
        null,
        0,
        0,
        0,
        0,
        0,
        null,
        null,
        0,
        0,
        null,
        0,
        null,
        null,
        0,
        0,
        null,
        0,
        null,
        null,
        0,
        0,
        null,
        0,
        null,
        null,
        0,
        null,
        null,
        null,
        null,
        null
      ],
      "/home/max/projects/yufu_core/app/models/order/written/written_type.rb": [
        1,
        1,
        1,
        null,
        1,
        1,
        1,
        1,
        1,
        null,
        1,
        null,
        1,
        1,
        null,
        1,
        3585,
        null,
        1,
        0,
        0,
        0,
        null,
        null,
        null,
        null
      ],
      "/home/max/projects/yufu_core/app/models/order/written/written_subtype.rb": [
        1,
        1,
        null,
        1,
        1,
        null,
        1,
        null,
        null,
        null
      ],
      "/home/max/projects/yufu_core/app/models/direction.rb": [
        1,
        1,
        null,
        1,
        null,
        1,
        null,
        1,
        null
      ],
      "/home/max/projects/yufu_core/app/models/ability.rb": [
        1,
        1,
        null,
        0,
        0,
        null,
        0,
        0,
        0,
        null,
        null,
        null,
        null,
        null,
        0,
        0,
        0,
        null,
        null,
        0,
        0,
        null,
        null,
        0,
        0,
        null,
        null,
        0,
        0,
        null,
        0,
        0,
        null,
        null,
        0,
        0,
        null,
        null,
        null,
        0,
        0,
        0,
        null,
        null,
        0,
        0,
        null,
        null,
        0,
        0,
        0,
        null,
        null,
        null,
        null,
        null,
        0,
        0,
        0,
        0,
        null,
        0,
        null,
        null,
        null,
        0,
        null,
        null,
        null,
        null
      ],
      "/home/max/projects/yufu_core/app/models/order/hotel.rb": [
        1,
        1,
        1,
        1,
        null,
        1,
        1,
        1,
        null,
        1,
        null,
        null,
        null
      ],
      "/home/max/projects/yufu_core/app/models/order/airport_pick_up.rb": [
        1,
        1,
        1,
        1,
        null,
        1,
        1,
        1,
        1,
        1,
        1,
        null,
        1,
        null,
        null
      ],
      "/home/max/projects/yufu_core/app/models/order/client_info.rb": [
        1,
        1,
        1,
        1,
        1,
        1,
        null,
        1,
        1,
        1,
        1,
        1,
        1,
        1,
        1,
        1,
        1,
        1,
        null,
        1,
        null,
        null,
        1,
        null,
        null,
        null,
        1,
        60,
        null,
        null,
        null,
        1,
        null,
        null,
        null,
        null,
        null,
        null,
        1,
        null,
        null,
        1,
        null,
        1,
        0,
        null,
        null,
        1,
        0,
        null,
        null,
        1,
        20,
        0,
        0,
        null,
        0,
        0,
        null,
        0,
        0,
        null,
        null,
        null,
        null,
        1,
        1,
        0,
        0,
        0,
        0,
        0,
        0,
        0,
        0,
        0,
        0,
        null,
        0,
        0,
        0,
        null,
        0,
        null,
        null,
        1,
        0,
        0,
        null,
        null,
        null
      ],
      "/home/max/projects/yufu_core/app/models/concerns/attributes_delegator.rb": [
        1,
        1,
        1,
        null,
        1,
        1,
        1,
        0,
        null,
        1,
        1,
        1,
        11,
        null,
        null,
        null,
        null
      ],
      "/home/max/projects/yufu_core/app/mailers/payments_mailer.rb": [
        1,
        null,
        1,
        9,
        1,
        null,
        8,
        null,
        null,
        null,
        1,
        3,
        3,
        3,
        0,
        0,
        null,
        0,
        null,
        null,
        null
      ],
      "/home/max/projects/yufu_core/app/models/order/car.rb": [
        1,
        null,
        1,
        1,
        null,
        1,
        1,
        null,
        1,
        0,
        null,
        null,
        null,
        null
      ],
      "/home/max/projects/yufu_core/app/models/order/written/work_report.rb": [
        1,
        1,
        1,
        1,
        null,
        1,
        1,
        null,
        1,
        1,
        null,
        1,
        null,
        1,
        1,
        null
      ],
      "/home/max/projects/yufu_core/app/models/attachment.rb": [
        1,
        1,
        1,
        1,
        null,
        null,
        1,
        null,
        1,
        null,
        1,
        null
      ],
      "/home/max/projects/yufu_core/app/models/order/get_original.rb": [
        1,
        1,
        1,
        null,
        1,
        1,
        null,
        1,
        1,
        1,
        null,
        null,
        null
      ],
      "/home/max/projects/yufu_core/app/mailers/notification_mailer.rb": [
        1,
        1,
        null,
        1,
        0,
        null,
        null,
        1,
        0,
        null,
        null,
        1,
        0,
        null,
        null,
        1,
        0,
        0,
        0,
        0,
        0,
        null,
        null,
        null,
        1,
        5,
        null,
        null,
        null,
        1,
        0,
        0,
        0,
        null,
        null,
        1,
        0,
        0,
        null,
        null,
        1,
        0,
        0,
        null,
        null,
        1,
        0,
        0,
        null,
        null,
        1,
        0,
        0,
        null,
        null,
        1,
        0,
        0,
        0,
        null,
        null,
        null,
        1,
        5,
        null,
        null,
        1,
        0,
        null,
        null,
        null,
        1,
        0,
        0,
        0,
        0,
        null,
        null,
        1,
        0,
        0,
        0,
        null,
        null,
        1,
        0,
        0,
        null,
        null,
        1,
        0,
        null,
        null,
        1,
        0,
        0,
        0,
        null,
        null,
        1,
        0,
        0,
        null,
        null,
        1,
        0,
        0,
        0,
        null,
        null,
        1,
        0,
        0,
        null,
        null,
        1,
        0,
        0,
        null,
        null,
        1,
        0,
        0,
        0,
        null,
        null,
        1,
        0,
        0,
        null,
        null,
        1,
        0,
        null,
        null,
        1,
        null,
        1,
        0,
        null,
        null,
        1,
        0,
        null,
        null,
        1,
        0,
        null,
        null,
        1,
        0,
        null,
        null,
        null
      ],
      "/home/max/projects/yufu_core/app/models/exchange_bank.rb": [
        1,
        1,
        1,
        null,
        1,
        0,
        null,
        null,
        1,
        0,
        null,
        null,
        1,
        0,
        0,
        null,
        null
      ],
      "/home/max/projects/yufu_core/app/models/support/theme.rb": [
        1,
        1,
        1,
        1,
        1,
        null,
        1,
        1,
        1,
        1,
        null,
        1,
        null,
        1,
        null,
        null,
        null,
        null,
        1,
        null,
        null,
        null
      ],
      "/home/max/projects/yufu_core/app/models/embedded_attachment.rb": [
        1,
        1,
        1,
        1,
        null,
        null,
        1,
        null,
        1,
        null,
        1,
        null,
        1,
        null,
        null
      ]
    },
    "timestamp": 1439995342
  }
}
